<?xml version="1.0" encoding="UTF-8"?>
<coverage generated="1678733239163" clover="3.2.0">
  <project timestamp="1678733239163" name="All files">
    <metrics statements="19" coveredstatements="19" conditionals="24" coveredconditionals="24" methods="6" coveredmethods="6" elements="49" coveredelements="49" complexity="0" loc="19" ncloc="19" packages="1" files="1" classes="1"/>
    <file name="operacoes.js" path="C:\Users\gabriel.souza16\Documents\Teste\src\operacoes.js">
      <metrics statements="19" coveredstatements="19" conditionals="24" coveredconditionals="24" methods="6" coveredmethods="6"/>
      <line num="2" count="5" type="cond" truecount="4" falsecount="0"/>
      <line num="3" count="2" type="stmt"/>
      <line num="5" count="3" type="stmt"/>
      <line num="9" count="5" type="cond" truecount="4" falsecount="0"/>
      <line num="10" count="2" type="stmt"/>
      <line num="12" count="3" type="stmt"/>
      <line num="16" count="8" type="cond" truecount="4" falsecount="0"/>
      <line num="17" count="2" type="stmt"/>
      <line num="19" count="6" type="stmt"/>
      <line num="23" count="9" type="cond" truecount="4" falsecount="0"/>
      <line num="24" count="2" type="stmt"/>
      <line num="26" count="7" type="stmt"/>
      <line num="30" count="9" type="cond" truecount="4" falsecount="0"/>
      <line num="31" count="2" type="stmt"/>
      <line num="33" count="7" type="stmt"/>
      <line num="37" count="9" type="cond" truecount="4" falsecount="0"/>
      <line num="38" count="2" type="stmt"/>
      <line num="40" count="7" type="stmt"/>
      <line num="43" count="1" type="stmt"/>
    </file>
  </project>
</coverage>
