TN:
SF:src\operacoes.js
FN:1,sum
FN:8,sub
FN:15,mul
FN:22,div
FN:29,raiz
FN:36,pot
FNF:6
FNH:6
FNDA:5,sum
FNDA:5,sub
FNDA:8,mul
FNDA:9,div
FNDA:9,raiz
FNDA:9,pot
DA:2,5
DA:3,2
DA:5,3
DA:9,5
DA:10,2
DA:12,3
DA:16,8
DA:17,2
DA:19,6
DA:23,9
DA:24,2
DA:26,7
DA:30,9
DA:31,2
DA:33,7
DA:37,9
DA:38,2
DA:40,7
DA:43,1
LF:19
LH:19
BRDA:2,0,0,2
BRDA:2,0,1,3
BRDA:2,1,0,5
BRDA:2,1,1,4
BRDA:9,2,0,2
BRDA:9,2,1,3
BRDA:9,3,0,5
BRDA:9,3,1,4
BRDA:16,4,0,2
BRDA:16,4,1,6
BRDA:16,5,0,8
BRDA:16,5,1,7
BRDA:23,6,0,2
BRDA:23,6,1,7
BRDA:23,7,0,9
BRDA:23,7,1,8
BRDA:30,8,0,2
BRDA:30,8,1,7
BRDA:30,9,0,9
BRDA:30,9,1,8
BRDA:37,10,0,2
BRDA:37,10,1,7
BRDA:37,11,0,9
BRDA:37,11,1,8
BRF:24
BRH:24
end_of_record
